==================================================
Running 2/6: +Architecture (GatedGCN) (N=120)...
==================================================
epoch 0: [0.709795618057251, 0.7490541577339173, 0.748055350780487, 0.764801275730133, 0.7473989751893442, 0.738174457551429, 56.5]
epoch 1: [0.7757745385169983, 0.8371632099151611, 0.8425532460212708, 0.8630405545234681, 0.7884761543813286, 0.7715510328833888, 52.7]
total training duration: 29.747997283935547
==================================================
Running 3/6: +Loss (Huber) (N=120)...
==================================================
epoch 0: [0.7752394795417785, 0.8301481187343598, 0.8306568801403046, 0.8689337313175202, 0.7870627026996186, 0.7714572021158438, 52.5]
epoch 1: [0.7778502702713013, 0.8408870100975037, 0.838141918182373, 0.8669598221778869, 0.7873571731553122, 0.7707006335003489, 52.6]
total training duration: 29.372000694274902
==================================================
Running 4/6: +MMAS (N=120)...
==================================================
epoch 0: [0.7752394795417785, 0.8301481187343598, 0.8306568801403046, 0.8689337313175202, 0.7870627026996186, 0.7714572021158438, 52.5]
epoch 1: [0.7768940329551697, 0.8351613938808441, 0.8478994131088257, 0.8717466175556183, 0.788125501745059, 0.7714588181022024, 52.4]
total training duration: 29.225998401641846
==================================================
Running 5/6: +Local Search (N=120)...
==================================================
epoch 0: [0.7752394795417785, 0.8301481187343598, 0.8372280180454255, 0.8807678043842315, 0.7870627026996186, 0.7714572021158438, 52.6]
epoch 1: [0.7786584913730621, 0.8396801710128784, 0.8435502707958221, 0.871536111831665, 0.7879124422873705, 0.7706077436148668, 52.7]
total training duration: 28.74500036239624
==================================================
Running 6/6: Combined Improvements (N=120)...
==================================================
epoch 0: [0.709795618057251, 0.7490541577339173, 0.7534611821174622, 0.7744292736053466, 0.7473989751893442, 0.738174457551429, 56.7]
epoch 1: [0.6482703894376755, 0.6943280696868896, 0.6938019022345543, 0.718406043946743, 0.6244049401199149, 0.6139759346260878, 66.5]
total training duration: 29.331498861312866
