==================================================
Running 2/6: +Architecture (GatedGCN) (N=120)...
==================================================
epoch 0: [0.709795618057251, 0.7490541577339173, 0.748055350780487, 0.764801275730133, 0.7473989751893442, 0.738174457551429, 56.5]
epoch 5: [0.19518697261810303, 0.20230254530906677, 0.20290839225053786, 0.20426290035247802, 0.025300072300831967, 0.0222144957910957, 116.8]
epoch 10: [0.714128740131855, 0.7685454487800598, 0.7665827140212059, 0.7886831656098365, 0.7063766171970698, 0.6937164820939452, 59.7]
total training duration: 698.8464977741241
==================================================
Running 3/6: +Loss (Huber) (N=120)...
==================================================
epoch 0: [0.7752394795417785, 0.8301481187343598, 0.8306568801403046, 0.8689337313175202, 0.7870627026996186, 0.7714572021158438, 52.5]
epoch 5: [0.930715823173523, 0.9457653045654297, 0.9460790395736695, 0.948567521572113, 0.6799066086294896, 0.6714781355439229, 50.2]
epoch 10: [0.9405820369720459, 0.9564601659774781, 0.9533853232860565, 0.9571018874645233, 0.6711768856663337, 0.6627396149734651, 49.9]
total training duration: 704.7139542102814
==================================================
Running 4/6: +MMAS (N=120)...
==================================================
epoch 0: [0.7752394795417785, 0.8301481187343598, 0.8306568801403046, 0.8689337313175202, 0.7870627026996186, 0.7714572021158438, 52.5]
epoch 5: [0.9277961194515228, 0.9459440350532532, 0.9450569033622742, 0.9496499121189117, 0.6843411184321007, 0.6735795593417738, 50.1]
epoch 10: [0.9424429893493652, 0.9567313730716706, 0.9572078347206116, 0.9575584709644318, 0.674296375885157, 0.661372523236907, 49.9]
total training duration: 705.9955010414124
==================================================
Running 5/6: +Local Search (N=120)...
==================================================
epoch 0: [0.7752394795417785, 0.8301481187343598, 0.8372280180454255, 0.8807678043842315, 0.7870627026996186, 0.7714572021158438, 52.6]
epoch 5: [0.9308635950088501, 0.945789635181427, 0.9516047060489654, 0.9723629593849182, 0.6777656403310276, 0.6684004527663124, 50.1]
epoch 10: [0.9385267436504364, 0.9535144686698913, 0.9575295805931091, 0.9833960413932801, 0.6709270981495928, 0.6593359936170393, 49.9]
total training duration: 718.1654996871948
==================================================
Running 6/6: Combined Improvements (N=120)...
==================================================
epoch 0: [0.709795618057251, 0.7490541577339173, 0.7534611821174622, 0.7744292736053466, 0.7473989751893442, 0.738174457551429, 56.7]
epoch 5: [0.18842714577913283, 0.19305826872587203, 0.1942295327782631, 0.19706124067306519, 0.0015574644924350345, 0.0009187900443314079, 118.9]
epoch 10: [0.18841343224048615, 0.1925654888153076, 0.19305992424488067, 0.19711705148220063, 0.0019241428458892985, 0.0007225085320321512, 118.7]
total training duration: 699.6284997463226
